{"E:\\Work\\actual big boy gamer work\\LAP1\\Project\\LAP1-PROJECT\\Server\\app.js": {"path":"E:\\Work\\actual big boy gamer work\\LAP1\\Project\\LAP1-PROJECT\\Server\\app.js","statementMap":{"0":{"start":{"line":1,"column":13},"end":{"line":1,"column":28}},"1":{"start":{"line":2,"column":16},"end":{"line":2,"column":34}},"2":{"start":{"line":3,"column":12},"end":{"line":3,"column":21}},"3":{"start":{"line":8,"column":0},"end":{"line":8,"column":16}},"4":{"start":{"line":9,"column":0},"end":{"line":9,"column":24}},"5":{"start":{"line":13,"column":0},"end":{"line":15,"column":3}},"6":{"start":{"line":14,"column":2},"end":{"line":14,"column":45}},"7":{"start":{"line":19,"column":0},"end":{"line":23,"column":2}},"8":{"start":{"line":20,"column":2},"end":{"line":20,"column":102}},"9":{"start":{"line":21,"column":2},"end":{"line":21,"column":36}},"10":{"start":{"line":22,"column":2},"end":{"line":22,"column":21}},"11":{"start":{"line":24,"column":0},"end":{"line":28,"column":2}},"12":{"start":{"line":25,"column":2},"end":{"line":25,"column":105}},"13":{"start":{"line":26,"column":2},"end":{"line":26,"column":36}},"14":{"start":{"line":27,"column":2},"end":{"line":27,"column":21}},"15":{"start":{"line":29,"column":0},"end":{"line":37,"column":2}},"16":{"start":{"line":30,"column":23},"end":{"line":30,"column":122}},"17":{"start":{"line":31,"column":2},"end":{"line":31,"column":37}},"18":{"start":{"line":32,"column":23},"end":{"line":32,"column":122}},"19":{"start":{"line":33,"column":2},"end":{"line":33,"column":37}},"20":{"start":{"line":35,"column":2},"end":{"line":35,"column":37}},"21":{"start":{"line":36,"column":2},"end":{"line":36,"column":21}},"22":{"start":{"line":42,"column":0},"end":{"line":42,"column":21}}},"fnMap":{"0":{"name":"(anonymous_0)","decl":{"start":{"line":13,"column":13},"end":{"line":13,"column":14}},"loc":{"start":{"line":13,"column":27},"end":{"line":15,"column":1}},"line":13},"1":{"name":"(anonymous_1)","decl":{"start":{"line":19,"column":31},"end":{"line":19,"column":32}},"loc":{"start":{"line":19,"column":51},"end":{"line":23,"column":1}},"line":19},"2":{"name":"(anonymous_2)","decl":{"start":{"line":24,"column":31},"end":{"line":24,"column":32}},"loc":{"start":{"line":24,"column":51},"end":{"line":28,"column":1}},"line":24},"3":{"name":"(anonymous_3)","decl":{"start":{"line":29,"column":31},"end":{"line":29,"column":32}},"loc":{"start":{"line":29,"column":51},"end":{"line":37,"column":1}},"line":29}},"branchMap":{},"s":{"0":1,"1":1,"2":1,"3":1,"4":1,"5":1,"6":2,"7":1,"8":1,"9":1,"10":1,"11":1,"12":1,"13":1,"14":1,"15":1,"16":1,"17":1,"18":1,"19":1,"20":1,"21":1,"22":1},"f":{"0":2,"1":1,"2":1,"3":1},"b":{},"_coverageSchema":"1a1c01bbd47fc00a2c39e90264f33305004495a9","hash":"ce28efc07b93fc50e275749e71a6a927855869b2"}
}
